#
# A fatal error has been detected by the Java Runtime Environment:
#
#  EXCEPTION_ACCESS_VIOLATION (0xc0000005) at pc=0x0000000076d7f9b5, pid=4000, tid=4564
#
# JRE version: 7.0_17-b02
# Java VM: Java HotSpot(TM) 64-Bit Server VM (23.7-b01 mixed mode windows-amd64 compressed oops)
# Problematic frame:
# C  [ntdll.dll+0x4f9b5]  RtlAllocateHeap+0x6d5
#
# Failed to write core dump. Minidumps are not enabled by default on client versions of Windows
#
# If you would like to submit a bug report, please visit:
#   http://bugreport.sun.com/bugreport/crash.jsp
#

---------------  T H R E A D  ---------------

Current thread (0x00000000094ae800):  JavaThread "Thread-1" daemon [_thread_in_vm, id=4564, stack(0x0000000008dc0000,0x0000000008ec0000)]

siginfo: ExceptionCode=0xc0000005, reading address 0xffffffffffffffff

Registers:
RAX=0x000000000000000f, RBX=0x000000000e3bb010, RCX=0x000000000000040b, RDX=0x000000000e3bb020
RSP=0x0000000008ebee30, RBP=0x0000000000000000, RSI=0x00000000024d0000, RDI=0x000000000e3bb020
R8 =0x000000000e3bb020, R9 =0x00000000024d4400, R10=0x00000000024d0158, R11=0x00000000000006fe
R12=0x0000000000000403, R13=0x0000000300000000, R14=0x006f006300000006, R15=0x0000000000000001
RIP=0x0000000076d7f9b5, EFLAGS=0x0000000000010202

Top of Stack: (sp=0x0000000008ebee30)
0x0000000008ebee30:   0000000000000000 0000000000000000
0x0000000008ebee40:   0000000000000000 0000000000000000
0x0000000008ebee50:   0000000000000000 0000000000000000
0x0000000008ebee60:   0000000000000000 0000000000000000
0x0000000008ebee70:   0000000000000001 0000000000000000
0x0000000008ebee80:   024d000100000000 0000000000000001
0x0000000008ebee90:   000000000e3bb010 000000000e3bb020
0x0000000008ebeea0:   0000000000000000 0000000000000000
0x0000000008ebeeb0:   0000000000000000 00000000000003ff
0x0000000008ebeec0:   0000000000000000 0000000000000000
0x0000000008ebeed0:   0000000000000000 0000000000000403
0x0000000008ebeee0:   0000000000000000 0000000000000000
0x0000000008ebeef0:   000000000b1dbf30 000000000e3bb020
0x0000000008ebef00:   00000000024d0158 00000000024d4400
0x0000000008ebef10:   0000000000000001 0000000000000003
0x0000000008ebef20:   0000000000000000 0000000000100081 

Instructions: (pc=0x0000000076d7f9b5)
0x0000000076d7f995:   43 0b 0f 85 b7 51 02 00 0f b7 4b 08 49 3b cc 0f
0x0000000076d7f9a5:   82 27 52 02 00 4c 8d 43 10 4d 8b 28 4c 8b 73 18
0x0000000076d7f9b5:   49 8b 06 4d 8b 4d 08 49 3b c1 0f 85 ec 51 02 00
0x0000000076d7f9c5:   49 3b c0 0f 85 e3 51 02 00 48 29 8e c8 00 00 00 


Register to memory mapping:

RAX=0x000000000000000f is an unknown value
RBX=0x000000000e3bb010 is an unknown value
RCX=0x000000000000040b is an unknown value
RDX=0x000000000e3bb020 is an unknown value
RSP=0x0000000008ebee30 is pointing into the stack for thread: 0x00000000094ae800
RBP=0x0000000000000000 is an unknown value
RSI=0x00000000024d0000 is an unknown value
RDI=0x000000000e3bb020 is an unknown value
R8 =0x000000000e3bb020 is an unknown value
R9 =0x00000000024d4400 is an unknown value
R10=0x00000000024d0158 is an unknown value
R11=0x00000000000006fe is an unknown value
R12=0x0000000000000403 is an unknown value
R13=0x0000000300000000 is an unknown value
R14=0x006f006300000006 is an unknown value
R15=0x0000000000000001 is an unknown value


Stack: [0x0000000008dc0000,0x0000000008ec0000],  sp=0x0000000008ebee30,  free space=1019k
Native frames: (J=compiled Java code, j=interpreted, Vv=VM code, C=native code)
C  [ntdll.dll+0x4f9b5]  RtlAllocateHeap+0x6d5

[error occurred during error reporting (printing native stack), id 0xc0000005]

Java frames: (J=compiled Java code, j=interpreted, Vv=VM code)
j  sun.misc.Unsafe.allocateMemory(J)J+0
j  sun.nio.fs.NativeBuffer.<init>(I)V+10
j  sun.nio.fs.NativeBuffers.allocNativeBuffer(I)Lsun/nio/fs/NativeBuffer;+16
j  sun.nio.fs.NativeBuffers.getNativeBuffer(I)Lsun/nio/fs/NativeBuffer;+17
j  sun.nio.fs.WindowsWatchService$Poller.implRegister(Ljava/nio/file/Path;Ljava/util/Set;[Ljava/nio/file/WatchEvent$Modifier;)Ljava/lang/Object;+357
j  sun.nio.fs.AbstractPoller.processRequests()Z+116
j  sun.nio.fs.WindowsWatchService$Poller.run()V+27
j  java.lang.Thread.run()V+11
v  ~StubRoutines::call_stub

---------------  P R O C E S S  ---------------

Java Threads: ( => current thread )
  0x000000000b44e800 JavaThread "qtp1898605511-43" [_thread_blocked, id=6876, stack(0x000000000be40000,0x000000000bf40000)]
  0x000000000b454000 JavaThread "qtp1898605511-41" [_thread_blocked, id=372, stack(0x00000000158a0000,0x00000000159a0000)]
  0x000000000b453000 JavaThread "com.mchange.v2.async.ThreadPoolAsynchronousRunner$PoolThread-#2" daemon [_thread_blocked, id=5648, stack(0x0000000015670000,0x0000000015770000)]
  0x000000000b452800 JavaThread "com.mchange.v2.async.ThreadPoolAsynchronousRunner$PoolThread-#1" daemon [_thread_blocked, id=6916, stack(0x0000000015490000,0x0000000015590000)]
  0x000000000b451800 JavaThread "com.mchange.v2.async.ThreadPoolAsynchronousRunner$PoolThread-#0" daemon [_thread_blocked, id=7152, stack(0x0000000015250000,0x0000000015350000)]
  0x000000000b451000 JavaThread "Timer-0" daemon [_thread_blocked, id=1568, stack(0x0000000015150000,0x0000000015250000)]
  0x000000000b450000 JavaThread "Java2D Disposer" daemon [_thread_blocked, id=6780, stack(0x0000000012ef0000,0x0000000012ff0000)]
  0x000000000b44f800 JavaThread "qtp1898605511-34" [_thread_blocked, id=6932, stack(0x0000000012ca0000,0x0000000012da0000)]
  0x0000000013c67000 JavaThread "qtp1898605511-31" [_thread_blocked, id=6332, stack(0x000000000bff0000,0x000000000c0f0000)]
  0x0000000013c66800 JavaThread "qtp1898605511-30" [_thread_blocked, id=6984, stack(0x0000000010990000,0x0000000010a90000)]
  0x0000000013c65800 JavaThread "qtp1898605511-29" [_thread_blocked, id=2064, stack(0x000000000f6e0000,0x000000000f7e0000)]
  0x0000000013c65000 JavaThread "qtp1898605511-28 Acceptor0 SelectChannelConnector@0.0.0.0:7777" [_thread_in_native, id=3316, stack(0x000000000f380000,0x000000000f480000)]
  0x0000000013c64000 JavaThread "qtp1898605511-27 Selector0" [_thread_in_native, id=5132, stack(0x000000000f480000,0x000000000f580000)]
  0x000000000c76f000 JavaThread "Thread-12" daemon [_thread_blocked, id=5828, stack(0x000000000e1e0000,0x000000000e2e0000)]
  0x00000000106b6800 JavaThread "HashSessionScavenger-0" daemon [_thread_blocked, id=5236, stack(0x000000000a4d0000,0x000000000a5d0000)]
  0x000000000c41e800 JavaThread "ShutdownMonitor" daemon [_thread_in_native, id=4920, stack(0x000000000d0d0000,0x000000000d1d0000)]
  0x0000000009af8000 JavaThread "Service Thread" daemon [_thread_blocked, id=6116, stack(0x000000000ab10000,0x000000000ac10000)]
  0x0000000009af4800 JavaThread "C2 CompilerThread1" daemon [_thread_blocked, id=3964, stack(0x000000000a9a0000,0x000000000aaa0000)]
  0x0000000009af4000 JavaThread "C2 CompilerThread0" daemon [_thread_blocked, id=6240, stack(0x000000000a7f0000,0x000000000a8f0000)]
  0x00000000096cb800 JavaThread "Thread-5" daemon [_thread_blocked, id=4092, stack(0x000000000a600000,0x000000000a700000)]
  0x0000000009a89800 JavaThread "Thread-3" daemon [_thread_blocked, id=2100, stack(0x000000000a2e0000,0x000000000a3e0000)]
  0x00000000094af800 JavaThread "Java7FSNotify" daemon [_thread_blocked, id=5892, stack(0x0000000009970000,0x0000000009a70000)]
=>0x00000000094ae800 JavaThread "Thread-1" daemon [_thread_in_vm, id=4564, stack(0x0000000008dc0000,0x0000000008ec0000)]
  0x00000000093f1000 JavaThread "rebel-debugger-thread" daemon [_thread_blocked, id=6712, stack(0x00000000097c0000,0x00000000098c0000)]
  0x00000000077dd000 JavaThread "JDWP Command Reader" daemon [_thread_in_native, id=6628, stack(0x0000000008b90000,0x0000000008c90000)]
  0x00000000077da000 JavaThread "JDWP Event Helper Thread" daemon [_thread_blocked, id=5760, stack(0x00000000091d0000,0x00000000092d0000)]
  0x00000000077d0000 JavaThread "JDWP Transport Listener: dt_socket" daemon [_thread_blocked, id=6892, stack(0x0000000009030000,0x0000000009130000)]
  0x00000000077c1800 JavaThread "Attach Listener" daemon [_thread_blocked, id=5124, stack(0x0000000008940000,0x0000000008a40000)]
  0x00000000077c0000 JavaThread "Signal Dispatcher" daemon [_thread_blocked, id=7028, stack(0x0000000008750000,0x0000000008850000)]
  0x0000000007717800 JavaThread "Finalizer" daemon [_thread_blocked, id=3464, stack(0x0000000008230000,0x0000000008330000)]
  0x00000000076d5800 JavaThread "Reference Handler" daemon [_thread_blocked, id=5528, stack(0x00000000084a0000,0x00000000085a0000)]
  0x00000000024df000 JavaThread "main" [_thread_blocked, id=6804, stack(0x0000000002740000,0x0000000002840000)]

Other Threads:
  0x00000000076ce000 VMThread [stack: 0x0000000008390000,0x0000000008490000] [id=6040]
  0x0000000009b5b000 WatcherThread [stack: 0x000000000ad10000,0x000000000ae10000] [id=7060]

VM state:not at safepoint (normal execution)

VM Mutex/Monitor currently owned by a thread: None

Heap
 PSYoungGen      total 135552K, used 54525K [0x00000000f5560000, 0x0000000100000000, 0x0000000100000000)
  eden space 99392K, 47% used [0x00000000f5560000,0x00000000f8356a90,0x00000000fb670000)
  from space 36160K, 20% used [0x00000000fd970000,0x00000000fe0b8c28,0x00000000ffcc0000)
  to   space 35840K, 0% used [0x00000000fb670000,0x00000000fb670000,0x00000000fd970000)
 ParOldGen       total 174784K, used 87218K [0x00000000e0000000, 0x00000000eaab0000, 0x00000000f5560000)
  object space 174784K, 49% used [0x00000000e0000000,0x00000000e552cba0,0x00000000eaab0000)
 PSPermGen       total 54848K, used 54718K [0x00000000d8000000, 0x00000000db590000, 0x00000000e0000000)
  object space 54848K, 99% used [0x00000000d8000000,0x00000000db56f808,0x00000000db590000)

Card table byte_map: [0x0000000002840000,0x0000000002990000] byte_map_base: 0x0000000002180000

Polling page: 0x0000000000230000

Code Cache  [0x0000000002a40000, 0x0000000003050000, 0x0000000005a40000)
 total_blobs=2041 nmethods=1516 adapters=483 free_code_cache=43073Kb largest_free_block=44003840

Compilation events (10 events):
Event: 2126.178 Thread 0x0000000009af4000 1668   !         sun.nio.ch.SelectorImpl::lockAndDoSelect (72 bytes)
Event: 2126.185 Thread 0x0000000009af4000 nmethod 1668 0x0000000002f24c90 code [0x0000000002f24e00, 0x0000000002f258a8]
Event: 2858.316 Thread 0x0000000009af4800 1670             net.sourceforge.jtds.jdbc.JtdsConnection::isClosed (5 bytes)
Event: 2858.317 Thread 0x0000000009af4800 nmethod 1670 0x00000000030359d0 code [0x0000000003035b00, 0x0000000003035b58]
Event: 2858.458 Thread 0x0000000009af4000   34 % !         sun.nio.cs.ext.DoubleByte$Encoder::encodeArrayLoop @ 55 (409 bytes)
Event: 2858.490 Thread 0x0000000009af4000 nmethod 34% 0x0000000003042e10 code [0x0000000003043140, 0x0000000003044c78]
Event: 3051.714 Thread 0x0000000009af4800 1671             java.util.concurrent.locks.AbstractQueuedSynchronizer::release (33 bytes)
Event: 3051.720 Thread 0x0000000009af4800 nmethod 1671 0x0000000002b71790 code [0x0000000002b718e0, 0x0000000002b71b28]
Event: 3143.520 Thread 0x0000000009af4000 1672   !         sun.nio.cs.ext.DoubleByte$Encoder::encodeArrayLoop (409 bytes)
Event: 3143.535 Thread 0x0000000009af4000 nmethod 1672 0x0000000003046890 code [0x0000000003046b80, 0x00000000030479e8]

GC Heap History (10 events):
Event: 18.055 GC heap before
{Heap before GC invocations=12 (full 0):
 PSYoungGen      total 136768K, used 120802K [0x00000000f5560000, 0x0000000100000000, 0x0000000100000000)
  eden space 98816K, 100% used [0x00000000f5560000,0x00000000fb5e0000,0x00000000fb5e0000)
  from space 37952K, 57% used [0x00000000fb5e0000,0x00000000fcb58850,0x00000000fdaf0000)
  to   space 36672K, 0% used [0x00000000fdc30000,0x00000000fdc30000,0x0000000100000000)
 ParOldGen       total 174784K, used 66162K [0x00000000e0000000, 0x00000000eaab0000, 0x00000000f5560000)
  object space 174784K, 37% used [0x00000000e0000000,0x00000000e409c870,0x00000000eaab0000)
 PSPermGen       total 33920K, used 33832K [0x00000000d8000000, 0x00000000da120000, 0x00000000e0000000)
  object space 33920K, 99% used [0x00000000d8000000,0x00000000da10a0b8,0x00000000da120000)
Event: 18.064 GC heap after
Heap after GC invocations=12 (full 0):
 PSYoungGen      total 136384K, used 6840K [0x00000000f5560000, 0x0000000100000000, 0x0000000100000000)
  eden space 99712K, 0% used [0x00000000f5560000,0x00000000f5560000,0x00000000fb6c0000)
  from space 36672K, 18% used [0x00000000fdc30000,0x00000000fe2de090,0x0000000100000000)
  to   space 37504K, 0% used [0x00000000fb6c0000,0x00000000fb6c0000,0x00000000fdb60000)
 ParOldGen       total 174784K, used 66930K [0x00000000e0000000, 0x00000000eaab0000, 0x00000000f5560000)
  object space 174784K, 38% used [0x00000000e0000000,0x00000000e415c880,0x00000000eaab0000)
 PSPermGen       total 33920K, used 33832K [0x00000000d8000000, 0x00000000da120000, 0x00000000e0000000)
  object space 33920K, 99% used [0x00000000d8000000,0x00000000da10a0b8,0x00000000da120000)
}
Event: 19.952 GC heap before
{Heap before GC invocations=13 (full 0):
 PSYoungGen      total 136384K, used 106552K [0x00000000f5560000, 0x0000000100000000, 0x0000000100000000)
  eden space 99712K, 100% used [0x00000000f5560000,0x00000000fb6c0000,0x00000000fb6c0000)
  from space 36672K, 18% used [0x00000000fdc30000,0x00000000fe2de090,0x0000000100000000)
  to   space 37504K, 0% used [0x00000000fb6c0000,0x00000000fb6c0000,0x00000000fdb60000)
 ParOldGen       total 174784K, used 66930K [0x00000000e0000000, 0x00000000eaab0000, 0x00000000f5560000)
  object space 174784K, 38% used [0x00000000e0000000,0x00000000e415c880,0x00000000eaab0000)
 PSPermGen       total 38528K, used 38476K [0x00000000d8000000, 0x00000000da5a0000, 0x00000000e0000000)
  object space 38528K, 99% used [0x00000000d8000000,0x00000000da593020,0x00000000da5a0000)
Event: 20.010 GC heap after
Heap after GC invocations=13 (full 0):
 PSYoungGen      total 105920K, used 6173K [0x00000000f5560000, 0x0000000100000000, 0x0000000100000000)
  eden space 99712K, 0% used [0x00000000f5560000,0x00000000f5560000,0x00000000fb6c0000)
  from space 6208K, 99% used [0x00000000fb6c0000,0x00000000fbcc77d8,0x00000000fbcd0000)
  to   space 38016K, 0% used [0x00000000fdae0000,0x00000000fdae0000,0x0000000100000000)
 ParOldGen       total 174784K, used 68392K [0x00000000e0000000, 0x00000000eaab0000, 0x00000000f5560000)
  object space 174784K, 39% used [0x00000000e0000000,0x00000000e42ca270,0x00000000eaab0000)
 PSPermGen       total 38528K, used 38476K [0x00000000d8000000, 0x00000000da5a0000, 0x00000000e0000000)
  object space 38528K, 99% used [0x00000000d8000000,0x00000000da593020,0x00000000da5a0000)
}
Event: 22.338 GC heap before
{Heap before GC invocations=14 (full 0):
 PSYoungGen      total 105920K, used 105885K [0x00000000f5560000, 0x0000000100000000, 0x0000000100000000)
  eden space 99712K, 100% used [0x00000000f5560000,0x00000000fb6c0000,0x00000000fb6c0000)
  from space 6208K, 99% used [0x00000000fb6c0000,0x00000000fbcc77d8,0x00000000fbcd0000)
  to   space 38016K, 0% used [0x00000000fdae0000,0x00000000fdae0000,0x0000000100000000)
 ParOldGen       total 174784K, used 68392K [0x00000000e0000000, 0x00000000eaab0000, 0x00000000f5560000)
  object space 174784K, 39% used [0x00000000e0000000,0x00000000e42ca270,0x00000000eaab0000)
 PSPermGen       total 42368K, used 42350K [0x00000000d8000000, 0x00000000da960000, 0x00000000e0000000)
  object space 42368K, 99% used [0x00000000d8000000,0x00000000da95bad0,0x00000000da960000)
Event: 22.351 GC heap after
Heap after GC invocations=14 (full 0):
 PSYoungGen      total 137088K, used 8586K [0x00000000f5560000, 0x0000000100000000, 0x0000000100000000)
  eden space 99072K, 0% used [0x00000000f5560000,0x00000000f5560000,0x00000000fb620000)
  from space 38016K, 22% used [0x00000000fdae0000,0x00000000fe342bc8,0x0000000100000000)
  to   space 37632K, 0% used [0x00000000fb620000,0x00000000fb620000,0x00000000fdae0000)
 ParOldGen       total 174784K, used 71164K [0x00000000e0000000, 0x00000000eaab0000, 0x00000000f5560000)
  object space 174784K, 40% used [0x00000000e0000000,0x00000000e457f2c8,0x00000000eaab0000)
 PSPermGen       total 42368K, used 42350K [0x00000000d8000000, 0x00000000da960000, 0x00000000e0000000)
  object space 42368K, 99% used [0x00000000d8000000,0x00000000da95bad0,0x00000000da960000)
}
Event: 76.703 GC heap before
{Heap before GC invocations=15 (full 0):
 PSYoungGen      total 137088K, used 107658K [0x00000000f5560000, 0x0000000100000000, 0x0000000100000000)
  eden space 99072K, 100% used [0x00000000f5560000,0x00000000fb620000,0x00000000fb620000)
  from space 38016K, 22% used [0x00000000fdae0000,0x00000000fe342bc8,0x0000000100000000)
  to   space 37632K, 0% used [0x00000000fb620000,0x00000000fb620000,0x00000000fdae0000)
 ParOldGen       total 174784K, used 71164K [0x00000000e0000000, 0x00000000eaab0000, 0x00000000f5560000)
  object space 174784K, 40% used [0x00000000e0000000,0x00000000e457f2c8,0x00000000eaab0000)
 PSPermGen       total 48704K, used 48632K [0x00000000d8000000, 0x00000000daf90000, 0x00000000e0000000)
  object space 48704K, 99% used [0x00000000d8000000,0x00000000daf7e040,0x00000000daf90000)
Event: 76.727 GC heap after
Heap after GC invocations=15 (full 0):
 PSYoungGen      total 113344K, used 14215K [0x00000000f5560000, 0x00000000ffcc0000, 0x0000000100000000)
  eden space 99072K, 0% used [0x00000000f5560000,0x00000000f5560000,0x00000000fb620000)
  from space 14272K, 99% used [0x00000000fb620000,0x00000000fc401ca8,0x00000000fc410000)
  to   space 36160K, 0% used [0x00000000fd970000,0x00000000fd970000,0x00000000ffcc0000)
 ParOldGen       total 174784K, used 77074K [0x00000000e0000000, 0x00000000eaab0000, 0x00000000f5560000)
  object space 174784K, 44% used [0x00000000e0000000,0x00000000e4b44828,0x00000000eaab0000)
 PSPermGen       total 48704K, used 48632K [0x00000000d8000000, 0x00000000daf90000, 0x00000000e0000000)
  object space 48704K, 99% used [0x00000000d8000000,0x00000000daf7e040,0x00000000daf90000)
}
Event: 116.056 GC heap before
{Heap before GC invocations=16 (full 0):
 PSYoungGen      total 113344K, used 113287K [0x00000000f5560000, 0x00000000ffcc0000, 0x0000000100000000)
  eden space 99072K, 100% used [0x00000000f5560000,0x00000000fb620000,0x00000000fb620000)
  from space 14272K, 99% used [0x00000000fb620000,0x00000000fc401ca8,0x00000000fc410000)
  to   space 36160K, 0% used [0x00000000fd970000,0x00000000fd970000,0x00000000ffcc0000)
 ParOldGen       total 174784K, used 77074K [0x00000000e0000000, 0x00000000eaab0000, 0x00000000f5560000)
  object space 174784K, 44% used [0x00000000e0000000,0x00000000e4b44828,0x00000000eaab0000)
 PSPermGen       total 54464K, used 54305K [0x00000000d8000000, 0x00000000db530000, 0x00000000e0000000)
  object space 54464K, 99% used [0x00000000d8000000,0x00000000db5085d0,0x00000000db530000)
Event: 116.092 GC heap after
Heap after GC invocations=16 (full 0):
 PSYoungGen      total 135552K, used 7459K [0x00000000f5560000, 0x0000000100000000, 0x0000000100000000)
  eden space 99392K, 0% used [0x00000000f5560000,0x00000000f5560000,0x00000000fb670000)
  from space 36160K, 20% used [0x00000000fd970000,0x00000000fe0b8c28,0x00000000ffcc0000)
  to   space 35840K, 0% used [0x00000000fb670000,0x00000000fb670000,0x00000000fd970000)
 ParOldGen       total 174784K, used 87218K [0x00000000e0000000, 0x00000000eaab0000, 0x00000000f5560000)
  object space 174784K, 49% used [0x00000000e0000000,0x00000000e552cba0,0x00000000eaab0000)
 PSPermGen       total 54464K, used 54305K [0x00000000d8000000, 0x00000000db530000, 0x00000000e0000000)
  object space 54464K, 99% used [0x00000000d8000000,0x00000000db5085d0,0x00000000db530000)
}

Deoptimization events (10 events):
Event: 105.380 Thread 0x000000000b44f800 Uncommon trap -89 fr.pc 0x0000000002efca6c
Event: 105.380 Thread 0x000000000b44f800 Uncommon trap -89 fr.pc 0x0000000002efca6c
Event: 105.383 Thread 0x000000000b44f800 Uncommon trap -89 fr.pc 0x0000000002f9cd44
Event: 124.299 Thread 0x0000000013c66800 Uncommon trap -89 fr.pc 0x0000000002efca6c
Event: 124.302 Thread 0x000000000b44e000 Uncommon trap -89 fr.pc 0x0000000002efca6c
Event: 124.302 Thread 0x0000000013c67000 Uncommon trap -89 fr.pc 0x0000000002efca6c
Event: 184.991 Thread 0x000000000b44f800 Uncommon trap -89 fr.pc 0x0000000002efca6c
Event: 186.047 Thread 0x000000000b44e000 Uncommon trap -83 fr.pc 0x0000000002b7eeec
Event: 3397.133 Thread 0x00000000094af800 Uncommon trap -83 fr.pc 0x0000000002ba7ccc
Event: 3413.802 Thread 0x000000000b451000 Uncommon trap -34 fr.pc 0x0000000002bd6554

Internal exceptions (10 events):
Event: 3400.748 Thread 0x00000000094af800 Threw 0x00000000f8244a70 at C:\jdk7u2_64p\jdk7u17\hotspot\src\share\vm\prims\jni.cpp:716
Event: 3400.749 Thread 0x00000000094af800 Threw 0x00000000f8245430 at C:\jdk7u2_64p\jdk7u17\hotspot\src\share\vm\prims\jni.cpp:716
Event: 3400.751 Thread 0x00000000094af800 Threw 0x00000000f8245d90 at C:\jdk7u2_64p\jdk7u17\hotspot\src\share\vm\prims\jni.cpp:716
Event: 3556.441 Thread 0x00000000094af800 Threw 0x00000000f8248dc8 at C:\jdk7u2_64p\jdk7u17\hotspot\src\share\vm\prims\jni.cpp:716
Event: 3556.441 Thread 0x00000000094ae800 Threw 0x00000000f81cb928 at C:\jdk7u2_64p\jdk7u17\hotspot\src\share\vm\prims\jni.cpp:716
Event: 3556.443 Thread 0x00000000094af800 Threw 0x00000000f8249ef8 at C:\jdk7u2_64p\jdk7u17\hotspot\src\share\vm\prims\jni.cpp:716
Event: 3556.444 Thread 0x00000000094af800 Threw 0x00000000f824a878 at C:\jdk7u2_64p\jdk7u17\hotspot\src\share\vm\prims\jni.cpp:716
Event: 3556.445 Thread 0x00000000094af800 Threw 0x00000000f824ae40 at C:\jdk7u2_64p\jdk7u17\hotspot\src\share\vm\prims\jni.cpp:716
Event: 3556.445 Thread 0x00000000094af800 Threw 0x00000000f824b800 at C:\jdk7u2_64p\jdk7u17\hotspot\src\share\vm\prims\jni.cpp:716
Event: 3556.447 Thread 0x00000000094af800 Threw 0x00000000f824c508 at C:\jdk7u2_64p\jdk7u17\hotspot\src\share\vm\prims\jni.cpp:716

Events (10 events):
Event: 3518.935 Executing VM operation: BulkRevokeBias
Event: 3518.935 Executing VM operation: BulkRevokeBias done
Event: 3518.935 Executing VM operation: BulkRevokeBias
Event: 3518.935 Executing VM operation: BulkRevokeBias done
Event: 3556.442 Executing VM operation: RevokeBias
Event: 3556.442 Executing VM operation: RevokeBias done
Event: 3556.451 Executing VM operation: BulkRevokeBias
Event: 3556.451 Executing VM operation: BulkRevokeBias done
Event: 3556.452 Executing VM operation: RevokeBias
Event: 3556.452 Executing VM operation: RevokeBias done


Dynamic libraries:
0x000000013fb80000 - 0x000000013fbb3000 	E:\Java\jdk\jdk1.7.0_17\bin\javaw.exe
0x0000000076d30000 - 0x0000000076eda000 	C:\Windows\SYSTEM32\ntdll.dll
0x0000000076ad0000 - 0x0000000076bef000 	C:\Windows\system32\kernel32.dll
0x000007fefc960000 - 0x000007fefc9cb000 	C:\Windows\system32\KERNELBASE.dll
0x000007fefe020000 - 0x000007fefe0fb000 	C:\Windows\system32\ADVAPI32.dll
0x000007fefe100000 - 0x000007fefe19f000 	C:\Windows\system32\msvcrt.dll
0x000007fefcda0000 - 0x000007fefcdbf000 	C:\Windows\SYSTEM32\sechost.dll
0x000007fefe480000 - 0x000007fefe5ad000 	C:\Windows\system32\RPCRT4.dll
0x00000000769d0000 - 0x0000000076aca000 	C:\Windows\system32\USER32.dll
0x000007fefea10000 - 0x000007fefea77000 	C:\Windows\system32\GDI32.dll
0x000007fefea80000 - 0x000007fefea8e000 	C:\Windows\system32\LPK.dll
0x000007fefea90000 - 0x000007fefeb5a000 	C:\Windows\system32\USP10.dll
0x000007fefafc0000 - 0x000007fefb1b4000 	C:\Windows\WinSxS\amd64_microsoft.windows.common-controls_6595b64144ccf1df_6.0.7601.17514_none_fa396087175ac9ac\COMCTL32.dll
0x000007fefd210000 - 0x000007fefd281000 	C:\Windows\system32\SHLWAPI.dll
0x000007fefe5b0000 - 0x000007fefe5de000 	C:\Windows\system32\IMM32.DLL
0x000007fefe5e0000 - 0x000007fefe6e9000 	C:\Windows\system32\MSCTF.dll
0x00000000673d0000 - 0x00000000674a1000 	E:\Java\jdk\jdk1.7.0_17\jre\bin\msvcr100.dll
0x0000000066200000 - 0x000000006691f000 	E:\Java\jdk\jdk1.7.0_17\jre\bin\server\jvm.dll
0x000007fefa830000 - 0x000007fefa839000 	C:\Windows\system32\WSOCK32.dll
0x000007fefd110000 - 0x000007fefd15d000 	C:\Windows\system32\WS2_32.dll
0x000007fefd200000 - 0x000007fefd208000 	C:\Windows\system32\NSI.dll
0x000007fefca80000 - 0x000007fefcabb000 	C:\Windows\system32\WINMM.dll
0x0000000076f00000 - 0x0000000076f07000 	C:\Windows\system32\PSAPI.DLL
0x000000006a520000 - 0x000000006a52f000 	E:\Java\jdk\jdk1.7.0_17\jre\bin\verify.dll
0x00000000675d0000 - 0x00000000675f8000 	E:\Java\jdk\jdk1.7.0_17\jre\bin\java.dll
0x0000000067590000 - 0x00000000675c5000 	E:\Java\jdk\jdk1.7.0_17\jre\bin\jdwp.dll
0x00000000673c0000 - 0x00000000673c8000 	E:\Java\jdk\jdk1.7.0_17\jre\bin\npt.dll
0x0000000067390000 - 0x00000000673b3000 	E:\Java\jdk\jdk1.7.0_17\jre\bin\instrument.dll
0x0000000067370000 - 0x0000000067385000 	E:\Java\jdk\jdk1.7.0_17\jre\bin\zip.dll
0x0000000067360000 - 0x0000000067369000 	E:\Java\jdk\jdk1.7.0_17\jre\bin\dt_socket.dll
0x000007fefaa20000 - 0x000007fefaa35000 	C:\Windows\system32\NLAapi.dll
0x000007fef1f70000 - 0x000007fef1f85000 	C:\Windows\system32\napinsp.dll
0x000007fef1f50000 - 0x000007fef1f69000 	C:\Windows\system32\pnrpnsp.dll
0x000007fefc0e0000 - 0x000007fefc135000 	C:\Windows\System32\mswsock.dll
0x000007fefbf60000 - 0x000007fefbfbb000 	C:\Windows\system32\DNSAPI.dll
0x000007fef1f40000 - 0x000007fef1f4b000 	C:\Windows\System32\winrnr.dll
0x000007fefa860000 - 0x000007fefa887000 	C:\Windows\system32\IPHLPAPI.DLL
0x000007fefa850000 - 0x000007fefa85b000 	C:\Windows\system32\WINNSI.DLL
0x000007fefa0f0000 - 0x000007fefa143000 	C:\Windows\System32\fwpuclnt.dll
0x000007fef8020000 - 0x000007fef8028000 	C:\Windows\system32\rasadhlp.dll
0x000007fefbae0000 - 0x000007fefbae7000 	C:\Windows\System32\wshtcpip.dll
0x0000000067330000 - 0x0000000067354000 	E:\Java\jdk\jdk1.7.0_17\jre\bin\sunec.dll
0x0000000067320000 - 0x000000006732b000 	E:\Java\jdk\jdk1.7.0_17\jre\bin\sunmscapi.dll
0x000007fefcaf0000 - 0x000007fefcc5c000 	C:\Windows\system32\CRYPT32.dll
0x000007fefc940000 - 0x000007fefc94f000 	C:\Windows\system32\MSASN1.dll
0x0000000067300000 - 0x0000000067319000 	E:\Java\jdk\jdk1.7.0_17\jre\bin\net.dll
0x000007fefc0d0000 - 0x000007fefc0d7000 	C:\Windows\System32\wship6.dll
0x000007fefa0c0000 - 0x000007fefa0d1000 	C:\Windows\system32\dhcpcsvc6.DLL
0x000007fefa0a0000 - 0x000007fefa0b8000 	C:\Windows\system32\dhcpcsvc.DLL
0x00000000672e0000 - 0x00000000672f1000 	E:\Java\jdk\jdk1.7.0_17\jre\bin\nio.dll
0x00000000672d0000 - 0x00000000672db000 	E:\Java\jdk\jdk1.7.0_17\jre\bin\management.dll
0x000007fefc140000 - 0x000007fefc157000 	C:\Windows\system32\CRYPTSP.dll
0x000007fefbe40000 - 0x000007fefbe87000 	C:\Windows\system32\rsaenh.dll
0x000007fefcac0000 - 0x000007fefcade000 	C:\Windows\system32\USERENV.dll
0x000007fefc950000 - 0x000007fefc95f000 	C:\Windows\system32\profapi.dll
0x000007fefc7a0000 - 0x000007fefc7af000 	C:\Windows\system32\CRYPTBASE.dll
0x000000005dc80000 - 0x000000005de13000 	E:\Java\jdk\jdk1.7.0_17\jre\bin\awt.dll
0x000007fefcdc0000 - 0x000007fefce98000 	C:\Windows\system32\OLEAUT32.dll
0x000007fefeb60000 - 0x000007fefed63000 	C:\Windows\system32\ole32.dll
0x000007fefca40000 - 0x000007fefca58000 	C:\Windows\system32\DWMAPI.DLL
0x000000005f580000 - 0x000000005f5b4000 	E:\Java\jdk\jdk1.7.0_17\jre\bin\fontmanager.dll
0x000000005dc30000 - 0x000000005dc71000 	E:\Java\jdk\jdk1.7.0_17\jre\bin\t2k.dll
0x000000005fa80000 - 0x000000005fab0000 	E:\Java\jdk\jdk1.7.0_17\jre\bin\jpeg.dll
0x000007fefc740000 - 0x000007fefc797000 	C:\Windows\system32\apphelp.dll
0x000007fef02e0000 - 0x000007fef0405000 	C:\Windows\system32\dbghelp.dll

VM Arguments:
jvm_args: -agentlib:jdwp=transport=dt_socket,suspend=y,address=localhost:65333 -Dmaven.home=EMBEDDED -Dclassworlds.conf=E:\Java\workspace\utf-8\.metadata\.plugins\org.eclipse.m2e.launching\launches\m2conf3311024563270205168.tmp -Dm2e.workspace.state=E:\Java\workspace\utf-8\.metadata\.plugins\org.eclipse.m2e.core\workspacestate.properties -Dmaven.multiModuleProjectDirectory=E:\Java\eclipse\${project_loc} -Xverify:none -javaagent:E:\Java\jrebel\jrebel.jar -Drebel.spring_plugin=true -Drebel.struts2-plugin=true -Xms256M -Xmx512M -XX:MaxPermSize=128m -Dfile.encoding=UTF-8 
java_command: org.codehaus.plexus.classworlds.launcher.Launcher -B -Dmaven.test.skip=true -DskipTests -s C:\Users\Administrator\.m2\setting.xml jetty:run
Launcher Type: SUN_STANDARD

Environment Variables:
PATH=E:\Java\jdk\jdk1.7.0_17\jre\bin;C:\Windows\system32;C:\Windows;C:\Windows\System32\Wbem;C:\Windows\System32\WindowsPowerShell\v1.0\;C:\Program Files (x86)\Microsoft SQL Server\80\Tools\Binn\
USERNAME=Administrator
OS=Windows_NT
PROCESSOR_IDENTIFIER=Intel64 Family 6 Model 58 Stepping 9, GenuineIntel



---------------  S Y S T E M  ---------------

OS: Windows 7 , 64 bit Build 7601 Service Pack 1

CPU:total 2 (2 cores per cpu, 1 threads per core) family 6 model 58 stepping 9, cmov, cx8, fxsr, mmx, sse, sse2, sse3, ssse3, sse4.1, sse4.2, popcnt, tsc, tscinvbit, tscinv

Memory: 4k page, physical 6238168k(2446588k free), swap 12474500k(8037568k free)

vm_info: Java HotSpot(TM) 64-Bit Server VM (23.7-b01) for windows-amd64 JRE (1.7.0_17-b02), built on Mar  1 2013 03:38:30 by "java_re" with unknown MS VC++:1600

time: Mon May 02 11:10:32 2016
elapsed time: 3556 seconds

