2019-03-02 16:01:24,276  INFO [BaseMapperAbstract.java:329] - 执行语句:select * from t_user t where t.ccode = :ccode
2019-03-02 16:01:24,290  INFO [BaseMapperAbstract.java:330] - 执行参数:{ccode=1}
2019-03-02 16:01:24,745  INFO [BaseMapperAbstract.java:298] - 执行语句:select * from t_role where uuserid = :uuserid
2019-03-02 16:01:24,745  INFO [BaseMapperAbstract.java:299] - 执行参数:{uuserid=FFAA5D1B-12C8-416C-8D68-513D4E982754}
2019-03-02 16:01:24,755  INFO [BaseMapperAbstract.java:298] - 执行语句:select * from t_role_module_group where uroleid = :uroleid
2019-03-02 16:01:24,756  INFO [BaseMapperAbstract.java:299] - 执行参数:{uroleid=83220890-D1B2-45BB-820F-A9313261415D}
2019-03-02 16:01:24,764  INFO [BaseMapperAbstract.java:298] - 执行语句:select * from t_module_group_module where umodulegroupid = :umodulegroupid
2019-03-02 16:01:24,765  INFO [BaseMapperAbstract.java:299] - 执行参数:{umodulegroupid=5DD35237-1EBB-4433-9282-2F57C55687FB}
2019-03-02 16:01:24,785  INFO [BaseMapperAbstract.java:251] - 执行语句:SELECT CNAME, CADDR, ISORT, CCODEPATH, CPARENT, CTYPE, CCODE, ILEVEL, UID FROM t_module WHERE UID=:UID
2019-03-02 16:01:24,785  INFO [BaseMapperAbstract.java:252] - 执行参数:{UID=55F36CA0-9165-4C5A-9FE0-9DB0EA3E95FB}
2019-03-02 16:01:24,794  INFO [BaseMapperAbstract.java:251] - 执行语句:SELECT CNAME, CADDR, ISORT, CCODEPATH, CPARENT, CTYPE, CCODE, ILEVEL, UID FROM t_module WHERE UID=:UID
2019-03-02 16:01:24,795  INFO [BaseMapperAbstract.java:252] - 执行参数:{UID=8EEB9C92-C91D-43B0-AFD7-371E1F6A4567}
2019-03-02 16:01:24,798  INFO [BaseMapperAbstract.java:251] - 执行语句:SELECT CNAME, CADDR, ISORT, CCODEPATH, CPARENT, CTYPE, CCODE, ILEVEL, UID FROM t_module WHERE UID=:UID
2019-03-02 16:01:24,799  INFO [BaseMapperAbstract.java:252] - 执行参数:{UID=85A341BE-DBC6-42C2-9CF9-B47D7D2AD77F}
2019-03-02 16:01:24,801  INFO [BaseMapperAbstract.java:251] - 执行语句:SELECT CNAME, CADDR, ISORT, CCODEPATH, CPARENT, CTYPE, CCODE, ILEVEL, UID FROM t_module WHERE UID=:UID
2019-03-02 16:01:24,802  INFO [BaseMapperAbstract.java:252] - 执行参数:{UID=773CF61B-84E7-40AF-AC1E-2AA0E2DCC794}
2019-03-02 16:01:24,807  INFO [BaseMapperAbstract.java:251] - 执行语句:SELECT CNAME, CADDR, ISORT, CCODEPATH, CPARENT, CTYPE, CCODE, ILEVEL, UID FROM t_module WHERE UID=:UID
2019-03-02 16:01:24,807  INFO [BaseMapperAbstract.java:252] - 执行参数:{UID=94C00969-A15E-43AF-965C-520D96D77A02}
2019-03-02 16:01:24,811  INFO [BaseMapperAbstract.java:251] - 执行语句:SELECT CNAME, CADDR, ISORT, CCODEPATH, CPARENT, CTYPE, CCODE, ILEVEL, UID FROM t_module WHERE UID=:UID
2019-03-02 16:01:24,812  INFO [BaseMapperAbstract.java:252] - 执行参数:{UID=D452567B-0FC2-4382-84C2-561571B7951F}
2019-03-02 16:01:24,815  INFO [BaseMapperAbstract.java:251] - 执行语句:SELECT CNAME, CADDR, ISORT, CCODEPATH, CPARENT, CTYPE, CCODE, ILEVEL, UID FROM t_module WHERE UID=:UID
2019-03-02 16:01:24,816  INFO [BaseMapperAbstract.java:252] - 执行参数:{UID=FBB296CF-38B6-4B1D-A7DA-A1A0EF0AE550}
2019-03-02 16:01:24,819  INFO [BaseMapperAbstract.java:251] - 执行语句:SELECT CNAME, CADDR, ISORT, CCODEPATH, CPARENT, CTYPE, CCODE, ILEVEL, UID FROM t_module WHERE UID=:UID
2019-03-02 16:01:24,820  INFO [BaseMapperAbstract.java:252] - 执行参数:{UID=EA3DB831-9586-449F-9DE7-657E972E35A7}
2019-03-02 16:01:24,822  INFO [BaseMapperAbstract.java:251] - 执行语句:SELECT CNAME, CADDR, ISORT, CCODEPATH, CPARENT, CTYPE, CCODE, ILEVEL, UID FROM t_module WHERE UID=:UID
2019-03-02 16:01:24,823  INFO [BaseMapperAbstract.java:252] - 执行参数:{UID=6453A3AD-9995-4124-A4E7-D371B8937995}
2019-03-02 16:01:24,825  INFO [BaseMapperAbstract.java:251] - 执行语句:SELECT CNAME, CADDR, ISORT, CCODEPATH, CPARENT, CTYPE, CCODE, ILEVEL, UID FROM t_module WHERE UID=:UID
2019-03-02 16:01:24,826  INFO [BaseMapperAbstract.java:252] - 执行参数:{UID=9E384F95-2201-417F-A3E9-42B58C8A83AE}
2019-03-02 16:01:24,827  INFO [BaseMapperAbstract.java:251] - 执行语句:SELECT CNAME, CADDR, ISORT, CCODEPATH, CPARENT, CTYPE, CCODE, ILEVEL, UID FROM t_module WHERE UID=:UID
2019-03-02 16:01:24,828  INFO [BaseMapperAbstract.java:252] - 执行参数:{UID=09EC45B0-CF77-44BD-BF6B-5AC94EB4D5B9}
2019-03-02 16:01:24,831  INFO [BaseMapperAbstract.java:251] - 执行语句:SELECT CNAME, CADDR, ISORT, CCODEPATH, CPARENT, CTYPE, CCODE, ILEVEL, UID FROM t_module WHERE UID=:UID
2019-03-02 16:01:24,831  INFO [BaseMapperAbstract.java:252] - 执行参数:{UID=91C79376-F679-42EC-8EB6-3A16AF247B57}
2019-03-02 16:01:24,833  INFO [BaseMapperAbstract.java:251] - 执行语句:SELECT CNAME, CADDR, ISORT, CCODEPATH, CPARENT, CTYPE, CCODE, ILEVEL, UID FROM t_module WHERE UID=:UID
2019-03-02 16:01:24,833  INFO [BaseMapperAbstract.java:252] - 执行参数:{UID=5724F4B4-1E9F-47EE-B50C-10E97EF0D231}
2019-03-02 16:01:24,835  INFO [BaseMapperAbstract.java:251] - 执行语句:SELECT CNAME, CADDR, ISORT, CCODEPATH, CPARENT, CTYPE, CCODE, ILEVEL, UID FROM t_module WHERE UID=:UID
2019-03-02 16:01:24,835  INFO [BaseMapperAbstract.java:252] - 执行参数:{UID=FA786BF9-926F-4ADD-A024-4F2FD6A43ACA}
2019-03-02 16:01:24,838  INFO [BaseMapperAbstract.java:251] - 执行语句:SELECT CNAME, CADDR, ISORT, CCODEPATH, CPARENT, CTYPE, CCODE, ILEVEL, UID FROM t_module WHERE UID=:UID
2019-03-02 16:01:24,839  INFO [BaseMapperAbstract.java:252] - 执行参数:{UID=CC900B43-7C8D-4ECD-9F07-FD069BDBD19C}
2019-03-02 16:01:24,841  INFO [BaseMapperAbstract.java:251] - 执行语句:SELECT CNAME, CADDR, ISORT, CCODEPATH, CPARENT, CTYPE, CCODE, ILEVEL, UID FROM t_module WHERE UID=:UID
2019-03-02 16:01:24,841  INFO [BaseMapperAbstract.java:252] - 执行参数:{UID=50D8DC7E-1F1D-4141-BF49-28C6B9AC17D3}
2019-03-02 16:01:24,845  INFO [BaseMapperAbstract.java:251] - 执行语句:SELECT CNAME, CADDR, ISORT, CCODEPATH, CPARENT, CTYPE, CCODE, ILEVEL, UID FROM t_module WHERE UID=:UID
2019-03-02 16:01:24,845  INFO [BaseMapperAbstract.java:252] - 执行参数:{UID=0565693D-74FB-48D3-8DD1-1FA3369AB3DE}
2019-03-02 16:01:24,847  INFO [BaseMapperAbstract.java:251] - 执行语句:SELECT CNAME, CADDR, ISORT, CCODEPATH, CPARENT, CTYPE, CCODE, ILEVEL, UID FROM t_module WHERE UID=:UID
2019-03-02 16:01:24,848  INFO [BaseMapperAbstract.java:252] - 执行参数:{UID=65773438-F5E1-488E-A0A4-13174C9BAFF8}
2019-03-02 16:01:24,849  INFO [BaseMapperAbstract.java:251] - 执行语句:SELECT CNAME, CADDR, ISORT, CCODEPATH, CPARENT, CTYPE, CCODE, ILEVEL, UID FROM t_module WHERE UID=:UID
2019-03-02 16:01:24,849  INFO [BaseMapperAbstract.java:252] - 执行参数:{UID=655FC50C-51F1-4A88-93C5-2BE9A9F57637}
2019-03-02 16:01:24,851  INFO [BaseMapperAbstract.java:251] - 执行语句:SELECT CNAME, CADDR, ISORT, CCODEPATH, CPARENT, CTYPE, CCODE, ILEVEL, UID FROM t_module WHERE UID=:UID
2019-03-02 16:01:24,851  INFO [BaseMapperAbstract.java:252] - 执行参数:{UID=AF204B6D-3C7C-4E27-A799-C06079CB57B0}
2019-03-02 16:01:24,853  INFO [BaseMapperAbstract.java:251] - 执行语句:SELECT CNAME, CADDR, ISORT, CCODEPATH, CPARENT, CTYPE, CCODE, ILEVEL, UID FROM t_module WHERE UID=:UID
2019-03-02 16:01:24,853  INFO [BaseMapperAbstract.java:252] - 执行参数:{UID=6CDF8B41-10CB-42CC-B0AD-4B980DC997DF}
2019-03-02 16:01:24,888  INFO [BaseMapperAbstract.java:329] - 执行语句:select * from t_user t where t.ccode = :ccode
2019-03-02 16:01:24,888  INFO [BaseMapperAbstract.java:330] - 执行参数:{ccode=1}
2019-03-02 16:01:24,893  INFO [BaseMapperAbstract.java:251] - 执行语句:SELECT CCODEPATH, CTYPE, CPARENTCODE, CNAME, ILEVEL, CCODE, UID, UCORPID FROM t_dept WHERE UID=:UID
2019-03-02 16:01:24,893  INFO [BaseMapperAbstract.java:252] - 执行参数:{UID=56A52861-B77E-4670-AAB4-928ABF093D84}
2019-03-02 16:01:24,917  INFO [BaseMapperAbstract.java:251] - 执行语句:SELECT UID, CCODE, DUPDATETIME, CTELGUARD, DCREATETIME, CWEBSITE, CZIP, CTELGENERAL, CMEMO, CNAMEEN, CPROVINCES, CFAX, CTAXNO, CPRINCIPAL, CCITY, CADDR, CNAME, CEMAIL, CNAMEAB FROM t_corp WHERE UID=:UID
2019-03-02 16:01:24,917  INFO [BaseMapperAbstract.java:252] - 执行参数:{UID=4190F866-5A6D-435C-9CC5-01C85AE6C4AD}
2019-03-02 16:01:24,943  INFO [BaseMapperAbstract.java:298] - 执行语句:select * from t_role where uuserid = :uuserid
2019-03-02 16:01:24,943  INFO [BaseMapperAbstract.java:299] - 执行参数:{uuserid=FFAA5D1B-12C8-416C-8D68-513D4E982754}
2019-03-02 16:01:24,946  INFO [BaseMapperAbstract.java:80] - 执行语句:INSERT INTO t_login_log (CLOGINURL, UUSERID, CMAC, DLOGINTIME, UID, CLOGINIP, CMEMO, CTYPE) VALUES (:CLOGINURL, :UUSERID, :CMAC, :DLOGINTIME, :UID, :CLOGINIP, :CMEMO, :CTYPE)
2019-03-02 16:01:24,947  INFO [BaseMapperAbstract.java:81] - 执行参数:{CTYPE=登录, CLOGINURL=http://localhost:8888/fbss/ajax/login, UUSERID=FFAA5D1B-12C8-416C-8D68-513D4E982754, CLOGINIP=0:0:0:0:0:0:0:1|, CMAC=Error!, CMEMO=null, UID=a831b824-6511-4def-accd-73326f293be0, DLOGINTIME=Sat Mar 02 16:01:24 CST 2019}
2019-03-02 16:01:24,990  INFO [BaseMapperAbstract.java:298] - 执行语句:select * from t_role_module_group where uroleid = :uroleid
2019-03-02 16:01:24,991  INFO [BaseMapperAbstract.java:299] - 执行参数:{uroleid=83220890-D1B2-45BB-820F-A9313261415D}
2019-03-02 16:01:24,993  INFO [BaseMapperAbstract.java:298] - 执行语句:select * from t_module_group_module where umodulegroupid = :umodulegroupid
2019-03-02 16:01:24,993  INFO [BaseMapperAbstract.java:299] - 执行参数:{umodulegroupid=5DD35237-1EBB-4433-9282-2F57C55687FB}
2019-03-02 16:01:25,000  INFO [BaseMapperAbstract.java:251] - 执行语句:SELECT CNAME, CADDR, ISORT, CCODEPATH, CPARENT, CTYPE, CCODE, ILEVEL, UID FROM t_module WHERE UID=:UID
2019-03-02 16:01:25,000  INFO [BaseMapperAbstract.java:252] - 执行参数:{UID=55F36CA0-9165-4C5A-9FE0-9DB0EA3E95FB}
2019-03-02 16:01:25,004  INFO [BaseMapperAbstract.java:251] - 执行语句:SELECT CNAME, CADDR, ISORT, CCODEPATH, CPARENT, CTYPE, CCODE, ILEVEL, UID FROM t_module WHERE UID=:UID
2019-03-02 16:01:25,005  INFO [BaseMapperAbstract.java:252] - 执行参数:{UID=8EEB9C92-C91D-43B0-AFD7-371E1F6A4567}
2019-03-02 16:01:25,007  INFO [BaseMapperAbstract.java:251] - 执行语句:SELECT CNAME, CADDR, ISORT, CCODEPATH, CPARENT, CTYPE, CCODE, ILEVEL, UID FROM t_module WHERE UID=:UID
2019-03-02 16:01:25,008  INFO [BaseMapperAbstract.java:252] - 执行参数:{UID=85A341BE-DBC6-42C2-9CF9-B47D7D2AD77F}
2019-03-02 16:01:25,009  INFO [BaseMapperAbstract.java:251] - 执行语句:SELECT CNAME, CADDR, ISORT, CCODEPATH, CPARENT, CTYPE, CCODE, ILEVEL, UID FROM t_module WHERE UID=:UID
2019-03-02 16:01:25,010  INFO [BaseMapperAbstract.java:252] - 执行参数:{UID=773CF61B-84E7-40AF-AC1E-2AA0E2DCC794}
2019-03-02 16:01:25,032  INFO [BaseMapperAbstract.java:251] - 执行语句:SELECT CNAME, CADDR, ISORT, CCODEPATH, CPARENT, CTYPE, CCODE, ILEVEL, UID FROM t_module WHERE UID=:UID
2019-03-02 16:01:25,033  INFO [BaseMapperAbstract.java:252] - 执行参数:{UID=94C00969-A15E-43AF-965C-520D96D77A02}
2019-03-02 16:01:25,037  INFO [BaseMapperAbstract.java:251] - 执行语句:SELECT CNAME, CADDR, ISORT, CCODEPATH, CPARENT, CTYPE, CCODE, ILEVEL, UID FROM t_module WHERE UID=:UID
2019-03-02 16:01:25,037  INFO [BaseMapperAbstract.java:252] - 执行参数:{UID=D452567B-0FC2-4382-84C2-561571B7951F}
2019-03-02 16:01:25,039  INFO [BaseMapperAbstract.java:251] - 执行语句:SELECT CNAME, CADDR, ISORT, CCODEPATH, CPARENT, CTYPE, CCODE, ILEVEL, UID FROM t_module WHERE UID=:UID
2019-03-02 16:01:25,040  INFO [BaseMapperAbstract.java:252] - 执行参数:{UID=FBB296CF-38B6-4B1D-A7DA-A1A0EF0AE550}
2019-03-02 16:01:25,041  INFO [BaseMapperAbstract.java:251] - 执行语句:SELECT CNAME, CADDR, ISORT, CCODEPATH, CPARENT, CTYPE, CCODE, ILEVEL, UID FROM t_module WHERE UID=:UID
2019-03-02 16:01:25,042  INFO [BaseMapperAbstract.java:252] - 执行参数:{UID=EA3DB831-9586-449F-9DE7-657E972E35A7}
2019-03-02 16:01:25,045  INFO [BaseMapperAbstract.java:251] - 执行语句:SELECT CNAME, CADDR, ISORT, CCODEPATH, CPARENT, CTYPE, CCODE, ILEVEL, UID FROM t_module WHERE UID=:UID
2019-03-02 16:01:25,045  INFO [BaseMapperAbstract.java:252] - 执行参数:{UID=6453A3AD-9995-4124-A4E7-D371B8937995}
2019-03-02 16:01:25,048  INFO [BaseMapperAbstract.java:251] - 执行语句:SELECT CNAME, CADDR, ISORT, CCODEPATH, CPARENT, CTYPE, CCODE, ILEVEL, UID FROM t_module WHERE UID=:UID
2019-03-02 16:01:25,049  INFO [BaseMapperAbstract.java:252] - 执行参数:{UID=9E384F95-2201-417F-A3E9-42B58C8A83AE}
2019-03-02 16:01:25,051  INFO [BaseMapperAbstract.java:251] - 执行语句:SELECT CNAME, CADDR, ISORT, CCODEPATH, CPARENT, CTYPE, CCODE, ILEVEL, UID FROM t_module WHERE UID=:UID
2019-03-02 16:01:25,052  INFO [BaseMapperAbstract.java:252] - 执行参数:{UID=09EC45B0-CF77-44BD-BF6B-5AC94EB4D5B9}
2019-03-02 16:01:25,054  INFO [BaseMapperAbstract.java:251] - 执行语句:SELECT CNAME, CADDR, ISORT, CCODEPATH, CPARENT, CTYPE, CCODE, ILEVEL, UID FROM t_module WHERE UID=:UID
2019-03-02 16:01:25,055  INFO [BaseMapperAbstract.java:252] - 执行参数:{UID=91C79376-F679-42EC-8EB6-3A16AF247B57}
2019-03-02 16:01:25,057  INFO [BaseMapperAbstract.java:251] - 执行语句:SELECT CNAME, CADDR, ISORT, CCODEPATH, CPARENT, CTYPE, CCODE, ILEVEL, UID FROM t_module WHERE UID=:UID
2019-03-02 16:01:25,058  INFO [BaseMapperAbstract.java:252] - 执行参数:{UID=5724F4B4-1E9F-47EE-B50C-10E97EF0D231}
2019-03-02 16:01:25,060  INFO [BaseMapperAbstract.java:251] - 执行语句:SELECT CNAME, CADDR, ISORT, CCODEPATH, CPARENT, CTYPE, CCODE, ILEVEL, UID FROM t_module WHERE UID=:UID
2019-03-02 16:01:25,060  INFO [BaseMapperAbstract.java:252] - 执行参数:{UID=FA786BF9-926F-4ADD-A024-4F2FD6A43ACA}
2019-03-02 16:01:25,062  INFO [BaseMapperAbstract.java:251] - 执行语句:SELECT CNAME, CADDR, ISORT, CCODEPATH, CPARENT, CTYPE, CCODE, ILEVEL, UID FROM t_module WHERE UID=:UID
2019-03-02 16:01:25,062  INFO [BaseMapperAbstract.java:252] - 执行参数:{UID=CC900B43-7C8D-4ECD-9F07-FD069BDBD19C}
2019-03-02 16:01:25,064  INFO [BaseMapperAbstract.java:251] - 执行语句:SELECT CNAME, CADDR, ISORT, CCODEPATH, CPARENT, CTYPE, CCODE, ILEVEL, UID FROM t_module WHERE UID=:UID
2019-03-02 16:01:25,064  INFO [BaseMapperAbstract.java:252] - 执行参数:{UID=50D8DC7E-1F1D-4141-BF49-28C6B9AC17D3}
2019-03-02 16:01:25,066  INFO [BaseMapperAbstract.java:251] - 执行语句:SELECT CNAME, CADDR, ISORT, CCODEPATH, CPARENT, CTYPE, CCODE, ILEVEL, UID FROM t_module WHERE UID=:UID
2019-03-02 16:01:25,066  INFO [BaseMapperAbstract.java:252] - 执行参数:{UID=0565693D-74FB-48D3-8DD1-1FA3369AB3DE}
2019-03-02 16:01:25,068  INFO [BaseMapperAbstract.java:251] - 执行语句:SELECT CNAME, CADDR, ISORT, CCODEPATH, CPARENT, CTYPE, CCODE, ILEVEL, UID FROM t_module WHERE UID=:UID
2019-03-02 16:01:25,068  INFO [BaseMapperAbstract.java:252] - 执行参数:{UID=65773438-F5E1-488E-A0A4-13174C9BAFF8}
2019-03-02 16:01:25,070  INFO [BaseMapperAbstract.java:251] - 执行语句:SELECT CNAME, CADDR, ISORT, CCODEPATH, CPARENT, CTYPE, CCODE, ILEVEL, UID FROM t_module WHERE UID=:UID
2019-03-02 16:01:25,071  INFO [BaseMapperAbstract.java:252] - 执行参数:{UID=655FC50C-51F1-4A88-93C5-2BE9A9F57637}
2019-03-02 16:01:25,073  INFO [BaseMapperAbstract.java:251] - 执行语句:SELECT CNAME, CADDR, ISORT, CCODEPATH, CPARENT, CTYPE, CCODE, ILEVEL, UID FROM t_module WHERE UID=:UID
2019-03-02 16:01:25,074  INFO [BaseMapperAbstract.java:252] - 执行参数:{UID=AF204B6D-3C7C-4E27-A799-C06079CB57B0}
2019-03-02 16:01:25,075  INFO [BaseMapperAbstract.java:251] - 执行语句:SELECT CNAME, CADDR, ISORT, CCODEPATH, CPARENT, CTYPE, CCODE, ILEVEL, UID FROM t_module WHERE UID=:UID
2019-03-02 16:01:25,075  INFO [BaseMapperAbstract.java:252] - 执行参数:{UID=6CDF8B41-10CB-42CC-B0AD-4B980DC997DF}
2019-03-02 16:03:00,912  INFO [BaseMapperAbstract.java:298] - 执行语句:select uid,cno,cname,ipaymentdays from t_customer_type order by cno
2019-03-02 16:03:00,913  INFO [BaseMapperAbstract.java:299] - 执行参数:null
2019-03-02 16:03:01,029  INFO [BaseMapperAbstract.java:298] - 执行语句:select c.uid,c.ucustomertypeid,ct.cname as ccustomertypename,c.uuserid,c.udeptid,c.cname,c.isex,c.ccontactnumber,c.caddress,c.cwechat,c.dbirthday,c.iintegral,c.ipaymentdays,c.drecorddate,c.dupdatedate from t_customer as c left join t_customer_type as ct on ct.uid = c.ucustomertypeid where 1 = 1 and c.udeptid = :udeptid order by c.ucustomertypeid,c.cname asc
2019-03-02 16:03:01,030  INFO [BaseMapperAbstract.java:299] - 执行参数:{udeptid=56A52861-B77E-4670-AAB4-928ABF093D84}
